[2022-10-28 07:46:12] [1] [WARN] Reporting disabled: using no op test run registrar
[2022-10-28 07:46:12] [1] [INFO] TEST [Command line test - testReadMacPriceApple] STARTED at [15:46:12 2022-10-28]
[2022-10-28 07:46:12] [1] [INFO] Starting driver session...
[2022-10-28 07:46:12] [1] [INFO] Driver session started.
[2022-10-28 07:46:12] [1] [INFO] INFO: opening url 'https://www.apple.com'
[2022-10-28 07:46:13] [1] [INFO] INFO: url 'https://www.apple.com' is opened.
[2022-10-28 07:46:13] [1] [INFO] selecting 'Mac' tab...
[2022-10-28 07:46:13] [1] [INFO] currentTab: 
[2022-10-28 07:46:13] [1] [INFO] currentTab: 
[2022-10-28 07:46:13] [1] [INFO] currentTab: 
[2022-10-28 07:46:13] [1] [INFO] currentTab: 
[2022-10-28 07:46:13] [1] [INFO] currentTab: 
[2022-10-28 07:46:13] [1] [INFO] currentTab: Apple
[2022-10-28 07:46:13] [1] [INFO] currentTab: Store
[2022-10-28 07:46:13] [1] [INFO] currentTab: Mac
[2022-10-28 07:46:14] [1] [INFO] PASS: element 'tabLinks7' is clicked.
[2022-10-28 07:46:14] [1] [ERROR] TEST [Command line test - testReadMacPriceApple] FAILED at [15:46:14 2022-10-28] - The following asserts failed:
	Invalid price expected [From $199] but found [From $1199]

org.testng.asserts.SoftAssert.assertAll(SoftAssert.java:46)
org.testng.asserts.SoftAssert.assertAll(SoftAssert.java:30)
matt.carina.demo.WebMattTest.testReadMacPriceApple(WebMattTest.java:74)
java.base/jdk.internal.reflect.NativeMethodAccessorImpl.invoke0(Native Method)
java.base/jdk.internal.reflect.NativeMethodAccessorImpl.invoke(NativeMethodAccessorImpl.java:77)
java.base/jdk.internal.reflect.DelegatingMethodAccessorImpl.invoke(DelegatingMethodAccessorImpl.java:43)
java.base/java.lang.reflect.Method.invoke(Method.java:568)
org.testng.internal.invokers.MethodInvocationHelper.invokeMethod(MethodInvocationHelper.java:135)
org.testng.internal.invokers.TestInvoker.invokeMethod(TestInvoker.java:673)
org.testng.internal.invokers.TestInvoker.invokeTestMethod(TestInvoker.java:220)
org.testng.internal.invokers.MethodRunner.runInSequence(MethodRunner.java:50)
org.testng.internal.invokers.TestInvoker$MethodInvocationAgent.invoke(TestInvoker.java:945)
org.testng.internal.invokers.TestInvoker.invokeTestMethods(TestInvoker.java:193)
org.testng.internal.invokers.TestMethodWorker.invokeTestMethods(TestMethodWorker.java:146)
org.testng.internal.invokers.TestMethodWorker.run(TestMethodWorker.java:128)
java.base/java.util.ArrayList.forEach(ArrayList.java:1511)
org.testng.TestRunner.privateRun(TestRunner.java:808)
org.testng.TestRunner.run(TestRunner.java:603)
org.testng.SuiteRunner.runTest(SuiteRunner.java:429)
org.testng.SuiteRunner.runSequentially(SuiteRunner.java:423)
org.testng.SuiteRunner.privateRun(SuiteRunner.java:383)
org.testng.SuiteRunner.run(SuiteRunner.java:326)
org.testng.SuiteRunnerWorker.runSuite(SuiteRunnerWorker.java:52)
org.testng.SuiteRunnerWorker.run(SuiteRunnerWorker.java:95)
org.testng.TestNG.runSuitesSequentially(TestNG.java:1249)
org.testng.TestNG.runSuitesLocally(TestNG.java:1169)
org.testng.TestNG.runSuites(TestNG.java:1092)
org.testng.TestNG.run(TestNG.java:1060)
org.apache.maven.surefire.testng.TestNGExecutor.run(TestNGExecutor.java:77)
org.apache.maven.surefire.testng.TestNGDirectoryTestSuite.executeMulti(TestNGDirectoryTestSuite.java:159)
org.apache.maven.surefire.testng.TestNGDirectoryTestSuite.execute(TestNGDirectoryTestSuite.java:99)
org.apache.maven.surefire.testng.TestNGProvider.invoke(TestNGProvider.java:106)
java.base/jdk.internal.reflect.NativeMethodAccessorImpl.invoke0(Native Method)
java.base/jdk.internal.reflect.NativeMethodAccessorImpl.invoke(NativeMethodAccessorImpl.java:77)
java.base/jdk.internal.reflect.DelegatingMethodAccessorImpl.invoke(DelegatingMethodAccessorImpl.java:43)
java.base/java.lang.reflect.Method.invoke(Method.java:568)
org.apache.maven.surefire.util.ReflectionUtils.invokeMethodWithArray(ReflectionUtils.java:189)
org.apache.maven.surefire.booter.ProviderFactory$ProviderProxy.invoke(ProviderFactory.java:165)
org.apache.maven.surefire.booter.ProviderFactory.invokeProvider(ProviderFactory.java:85)
org.apache.maven.surefire.booter.ForkedBooter.runSuitesInProcess(ForkedBooter.java:115)
org.apache.maven.surefire.booter.ForkedBooter.main(ForkedBooter.java:75)
