<div id='container' style='width: 98%; padding: 10px; margin: 0; background: #EBEBE0; color: #717171; font-family: Calibri;'><div id='summary'><h2 align='center' style='background-color: gray; color: white; padding: 10px; margin: 0;'>FAILED: Command line suite () - DEMO ( Chrome)</h2><br><h2 style='clear: both; margin: 0;'>Summary:</h2><hr/><table style='width: 1000px;'><tr><td style='width: 100px;'>Environment:</td><td>DEMO - <a href='https://www.apple.com'>https://www.apple.com</a></td></tr><tr><td>Version:</td><td></td></tr><tr><td>Browser:</td><td>Chrome</td></tr><tr><td>Finished:</td><td>15:46:14 2022-10-28</td></tr><tr class='pass' style='color: #66C266;'><td>Passed: </td><td>3</td></tr><tr class='fail' style='color: #FF5C33;'><td>Failed:</td><td>1</td></tr><tr class='skip' style='color: #FFD700;'><td>Skipped:</td><td>0</td></tr><tr><td>Success rate:</td><td>75%</td></tr></table></div><br><br><div id='results'><h2 style='margin: 0;'>Test results:</h2><hr/><table cellspacing='0' cellpadding='0' style='width: 100%;'><tr><th width='10%' align='center'>Result</th><th width='75%'>Test name</th><th width='10%'>Test files</th></tr><tr><td colspan='4' class='package' style='background: gray; border-style: solid; border-width: 1px; border-color: white; padding: 5px; color: white;'>matt.carina.demo</td></tr><tr class='pass' style='background: #66C266;'><td align='center' style='border-style: solid; border-width: 1px; border-color: white; padding: 5px; color: white;'>PASSED</td><td style='border-style: solid; border-width: 1px; border-color: white; padding: 5px; color: white;'>Command line test - testOpenApple</td><td align='center' style='border-style: solid; border-width: 1px; border-color: white; padding: 5px; color: white;'><a target='_blank' href='file://C:\Users\matpa\IdeaProjects\carinaTests\web\carinawebtests\.\reports\1666986364289/d0d9f7c7-8af7-4203-a037-bc772e712216/test.log' style='color: white;'>Logs</a><span> | </span><a target='_blank' href='file://C:\Users\matpa\IdeaProjects\carinaTests\web\carinawebtests\.\reports\1666986364289/d0d9f7c7-8af7-4203-a037-bc772e712216/report.html' style='color: white;'>Slides</a></td></tr><tr class='pass' style='background: #66C266;'><td align='center' style='border-style: solid; border-width: 1px; border-color: white; padding: 5px; color: white;'>PASSED</td><td style='border-style: solid; border-width: 1px; border-color: white; padding: 5px; color: white;'>Command line test - testOpenIpadTabOnApple</td><td align='center' style='border-style: solid; border-width: 1px; border-color: white; padding: 5px; color: white;'><a target='_blank' href='file://C:\Users\matpa\IdeaProjects\carinaTests\web\carinawebtests\.\reports\1666986364289/3c5a3858-64bb-446c-a90d-4581b49a4565/test.log' style='color: white;'>Logs</a><span> | </span><a target='_blank' href='file://C:\Users\matpa\IdeaProjects\carinaTests\web\carinawebtests\.\reports\1666986364289/3c5a3858-64bb-446c-a90d-4581b49a4565/report.html' style='color: white;'>Slides</a></td></tr><tr class='pass' style='background: #66C266;'><td align='center' style='border-style: solid; border-width: 1px; border-color: white; padding: 5px; color: white;'>PASSED</td><td style='border-style: solid; border-width: 1px; border-color: white; padding: 5px; color: white;'>Command line test - testOpenMacTabOnApple</td><td align='center' style='border-style: solid; border-width: 1px; border-color: white; padding: 5px; color: white;'><a target='_blank' href='file://C:\Users\matpa\IdeaProjects\carinaTests\web\carinawebtests\.\reports\1666986364289/abcb636b-7d60-4fda-87d0-b40e97f6a66c/test.log' style='color: white;'>Logs</a><span> | </span><a target='_blank' href='file://C:\Users\matpa\IdeaProjects\carinaTests\web\carinawebtests\.\reports\1666986364289/abcb636b-7d60-4fda-87d0-b40e97f6a66c/report.html' style='color: white;'>Slides</a></td></tr><tr class='fail' style='background: #FF5C33;'><td align='center' style='border-style: solid; border-width: 1px; border-color: white; padding: 5px; color: white;'>FAILED</td><td style='border-style: solid; border-width: 1px; border-color: white; padding: 5px; color: white;'><span>Command line test - testReadMacPriceApple</span><div style="background:#ffcccc; color: black; padding: 5px; margin: 2px 0px 2px 0px;">The following asserts failed:<br/>	Invalid price expected [From $199] but found [From $1199]<br/><br/>org.testng.asserts.SoftAssert.assertAll(SoftAssert.java:46)<br/>org.testng.asserts.SoftAssert.assertAll(SoftAssert.java:30)<br/>matt.carina.demo.WebMattTest.testReadMacPriceApple(WebMattTest.java:74)<br/>java.base/jdk.internal.reflect.NativeMethodAccessorImpl.invoke0(Native Method)<br/>java.base/jdk.internal.reflect.NativeMethodAccessorImpl.invoke(NativeMethodAccessorImpl.java:77)<br/>java.base/jdk.internal.reflect.DelegatingMethodAccessorImpl.invoke(DelegatingMethodAccessorImpl.java:43)<br/>java.base/java.lang.reflect.Method.invoke(Method.java:568)<br/>org.testng.internal.invokers.MethodInvocationHelper.invokeMethod(MethodInvocationHelper.java:135)<br/>org.testng.internal.invokers.TestInvoker.invokeMethod(TestInvoker.java:673)<br/>org.testng.internal.invokers.TestInvoker.invokeTestMethod(TestInvoker.java:220)<br/>org.testng.internal.invokers.MethodRunner.runInSequence(MethodRunner.java:50)<br/>org.testng.internal.invokers.TestInvoker$MethodInvocationAgent.invoke(TestInvoker.java:945)<br/>org.testng.internal.invokers.TestInvoker.invokeTestMethods(TestInvoker.java:193)<br/>org.testng.internal.invokers.TestMethodWorker.invokeTestMethods(TestMethodWorker.java:146)<br/>org.testng.internal.invokers.TestMethodWorker.run(TestMethodWorker.java:128)<br/>java.base/java.util.ArrayList.forEach(ArrayList.java:1511)<br/>org.testng.TestRunner.privateRun(TestRunner.java:808)<br/>org.testng.TestRunner.run(TestRunner.java:603)<br/>org.testng.SuiteRunner.runTest(SuiteRunner.java:429)<br/>org.testng.SuiteRunner.runSequentially(SuiteRunner.java:423)<br/>org.testng.SuiteRunner.privateRun(SuiteRunner.java:383)<br/>org.testng.SuiteRunner.run(SuiteRunner.java:326)<br/>org.testng.SuiteRunnerWorker.runSuite(SuiteRunnerWorker.java:52)<br/>org.testng.SuiteRunnerWorker.run(SuiteRunnerWorker.java:95)<br/>org.testng.TestNG.runSuitesSequentially(TestNG.java:1249)<br/>org.testng.TestNG.runSuitesLocally(TestNG.java:1169)<br/>org.testng.TestNG.runSuites(TestNG.java:1092)<br/>org.testng.TestNG.run(TestNG.java:1060)<br/>org.apache.maven.surefire.testng.TestNGExecutor.run(...</div></td><td align='center' style='border-style: solid; border-width: 1px; border-color: white; padding: 5px; color: white;'><a target='_blank' href='file://C:\Users\matpa\IdeaProjects\carinaTests\web\carinawebtests\.\reports\1666986364289/e55e040e-93ab-4233-b0a6-b76d1cf9558a/test.log' style='color: white;'>Logs</a><span> | </span><a target='_blank' href='file://C:\Users\matpa\IdeaProjects\carinaTests\web\carinawebtests\.\reports\1666986364289/e55e040e-93ab-4233-b0a6-b76d1cf9558a/report.html' style='color: white;'>Slides</a></td></tr></table></div></div>